<?xml version="1.0" encoding="UTF-8"?>
<testsuite name="ContactsTest" tests="1" skipped="0" failures="0" errors="0" timestamp="2024-09-11T19:39:14" hostname="MBPuzivaCuninka.home" time="0.894">
  <properties/>
  <testcase name="start" classname="ContactsTest" time="0.894"/>
  <system-out><![CDATA[?[1;31m
Start test 1?[0m
[menu] Enter action (add, list, search, count, exit): 
> exit
?[1;31m
Start test 2?[0m
[menu] Enter action (add, list, search, count, exit): 
> count
The Phone Book has 0 records.

[menu] Enter action (add, list, search, count, exit): 
> exit
?[1;31m
Start test 3?[0m
[menu] Enter action (add, list, search, count, exit): 
> add
Enter the type (person, organization): 
> person
Enter the name: 
> John
Enter the surname: 
> Smith
Enter the birth date: 
> 
Enter the gender (M, F): 
> 
Enter the number: 
> 123 456 789

[menu] Enter action (add, list, search, count, exit): 
> count
The Phone Book has 1 records.

[menu] Enter action (add, list, search, count, exit): 
> exit
?[1;31m
Start test 4?[0m
[menu] Enter action (add, list, search, count, exit): 
> add
Enter the type (person, organization): 
> person
Enter the name: 
> John
Enter the surname: 
> Smith
Enter the birth date: 
> 
Enter the gender (M, F): 
> 
Enter the number: 
> 123 456 789

[menu] Enter action (add, list, search, count, exit): 
> list
1. Name: John
Surname: Smith
Birth date: [no data]
Gender: [no data]
Number: 123 456 789
Time created: 2024-09-11T21:39:14.292717
Time last edit: 2024-09-11T21:39:14.292752

[list] Enter action ([number], back): 
> 1
Name: John
Surname: Smith
Birth date: [no data]
Gender: [no data]
Number: 123 456 789
Time created: 2024-09-11T21:39:14.292717
Time last edit: 2024-09-11T21:39:14.292752

[record] Enter action (edit, delete, menu): > > menu

[menu] Enter action (add, list, search, count, exit): 
> exit
?[1;31m
Start test 5?[0m
[menu] Enter action (add, list, search, count, exit): 
> add
Enter the type (person, organization): 
> organization
Enter the organization name: 
> Pizza Shop
Enter the address: 
> Wall St. 1
Enter the number: 
> +0 (123) 456-789-9999

[menu] Enter action (add, list, search, count, exit): 
> list
1. Organization name: Pizza Shop
Address: Wall St. 1
Number: +0 (123) 456-789-9999
Time created: 2024-09-11T21:39:14.382497
Time last edit: 2024-09-11T21:39:14.382542

[list] Enter action ([number], back): 
> 1
Organization name: Pizza Shop
Address: Wall St. 1
Number: +0 (123) 456-789-9999
Time created: 2024-09-11T21:39:14.382497
Time last edit: 2024-09-11T21:39:14.382542

[record] Enter action (edit, delete, menu): > > menu

[menu] Enter action (add, list, search, count, exit): 
> exit
?[1;31m
Start test 6?[0m
[menu] Enter action (add, list, search, count, exit): 
> add
Enter the type (person, organization): 
> person
Enter the name: 
> John
Enter the surname: 
> Smith
Enter the birth date: 
> 
Enter the gender (M, F): 
> 
Enter the number: 
> 123 456 789

[menu] Enter action (add, list, search, count, exit): 
> list
1. Name: John
Surname: Smith
Birth date: [no data]
Gender: [no data]
Number: 123 456 789
Time created: 2024-09-11T21:39:14.444244
Time last edit: 2024-09-11T21:39:14.444285

[list] Enter action ([number], back): 
> 1
Name: John
Surname: Smith
Birth date: [no data]
Gender: [no data]
Number: 123 456 789
Time created: 2024-09-11T21:39:14.444244
Time last edit: 2024-09-11T21:39:14.444285

[record] Enter action (edit, delete, menu): > > edit
Select a field (name, surname, birthDate, gender, number): 
> gender
Enter gender: 
> M
Saved
Name: John
Surname: Smith
Birth date: [no data]
Gender: M
Number: 123 456 789
Time created: 2024-09-11T21:39:14.444244
Time last edit: 2024-09-11T21:39:14.491728

[record] Enter action (edit, delete, menu): > > menu

[menu] Enter action (add, list, search, count, exit): 
> list
1. Name: John
Surname: Smith
Birth date: [no data]
Gender: M
Number: 123 456 789
Time created: 2024-09-11T21:39:14.444244
Time last edit: 2024-09-11T21:39:14.491728

[list] Enter action ([number], back): 
> 1
Name: John
Surname: Smith
Birth date: [no data]
Gender: M
Number: 123 456 789
Time created: 2024-09-11T21:39:14.444244
Time last edit: 2024-09-11T21:39:14.491728

[record] Enter action (edit, delete, menu): > > menu

[menu] Enter action (add, list, search, count, exit): 
> exit
?[1;31m
Start test 7?[0m
[menu] Enter action (add, list, search, count, exit): 
> add
Enter the type (person, organization): 
> organization
Enter the organization name: 
> Pizza Shop
Enter the address: 
> Wall St. 1
Enter the number: 
> +0 (123) 456-789-9999

[menu] Enter action (add, list, search, count, exit): 
> list
1. Organization name: Pizza Shop
Address: Wall St. 1
Number: +0 (123) 456-789-9999
Time created: 2024-09-11T21:39:14.607693
Time last edit: 2024-09-11T21:39:14.607734

[list] Enter action ([number], back): 
> 1
Organization name: Pizza Shop
Address: Wall St. 1
Number: +0 (123) 456-789-9999
Time created: 2024-09-11T21:39:14.607693
Time last edit: 2024-09-11T21:39:14.607734

[record] Enter action (edit, delete, menu): > > edit
Select a field (name, address, number): 
> address
Enter address: 
> Wall St 2
Saved
Organization name: Pizza Shop
Address: Wall St 2
Number: +0 (123) 456-789-9999
Time created: 2024-09-11T21:39:14.607693
Time last edit: 2024-09-11T21:39:14.640426

[record] Enter action (edit, delete, menu): > > menu

[menu] Enter action (add, list, search, count, exit): 
> list
1. Organization name: Pizza Shop
Address: Wall St 2
Number: +0 (123) 456-789-9999
Time created: 2024-09-11T21:39:14.607693
Time last edit: 2024-09-11T21:39:14.640426

[list] Enter action ([number], back): 
> 1
Organization name: Pizza Shop
Address: Wall St 2
Number: +0 (123) 456-789-9999
Time created: 2024-09-11T21:39:14.607693
Time last edit: 2024-09-11T21:39:14.640426

[record] Enter action (edit, delete, menu): > > menu

[menu] Enter action (add, list, search, count, exit): 
> exit
?[1;31m
Start test 8?[0m
[menu] Enter action (add, list, search, count, exit): 
> add
Enter the type (person, organization): 
> organization
Enter the organization name: 
> Pizza Shop
Enter the address: 
> Wall St. 1
Enter the number: 
> +0 (123) 456-789-9999

[menu] Enter action (add, list, search, count, exit): 
> add
Enter the type (person, organization): 
> person
Enter the name: 
> John
Enter the surname: 
> Smith
Enter the birth date: 
> 
Enter the gender (M, F): 
> 
Enter the number: 
> 123 456 789

[menu] Enter action (add, list, search, count, exit): 
> add
Enter the type (person, organization): 
> organization
Enter the organization name: 
> PizzaNuts
Enter the address: 
> Wall St. 6
Enter the number: 
> +0 (123) 456-789-9999

[menu] Enter action (add, list, search, count, exit): 
> search
Enter search query: 
> pizz
Found 2 results:
1. Pizza Shop
2. PizzaNuts
[search] Enter action ([number], back, again): 
> 1
Organization name: Pizza Shop
Address: Wall St. 1
Number: +0 (123) 456-789-9999
Time created: 2024-09-11T21:39:14.702121
Time last edit: 2024-09-11T21:39:14.702158

[record] Enter action (edit, delete, menu): > > menu
[search] Enter action ([number], back, again): 
> exit
?[1;31m
Start test 9?[0m
[menu] Enter action (add, list, search, count, exit): 
> add
Enter the type (person, organization): 
> organization
Enter the organization name: 
> Pizza Shop
Enter the address: 
> Wall St. 1
Enter the number: 
> +0 (123) 456-789-9999

[menu] Enter action (add, list, search, count, exit): 
> add
Enter the type (person, organization): 
> person
Enter the name: 
> John
Enter the surname: 
> Smith
Enter the birth date: 
> 
Enter the gender (M, F): 
> 
Enter the number: 
> 123 456 789

[menu] Enter action (add, list, search, count, exit): 
> add
Enter the type (person, organization): 
> organization
Enter the organization name: 
> PizzaNuts
Enter the address: 
> Wall St. 6
Enter the number: 
> +0 (123) 456-789-9999

[menu] Enter action (add, list, search, count, exit): 
> search
Enter search query: 
> s
Found 3 results:
1. Pizza Shop
2. John Smith
3. PizzaNuts
[search] Enter action ([number], back, again): 
> 1
Organization name: Pizza Shop
Address: Wall St. 1
Number: +0 (123) 456-789-9999
Time created: 2024-09-11T21:39:14.782421
Time last edit: 2024-09-11T21:39:14.782458

[record] Enter action (edit, delete, menu): > > menu
[search] Enter action ([number], back, again): 
> exit
?[1;31m
Start test 10?[0m
[menu] Enter action (add, list, search, count, exit): 
> add
Enter the type (person, organization): 
> organization
Enter the organization name: 
> Pizza Shop
Enter the address: 
> Wall St. 1
Enter the number: 
> +0 (123) 456-789-9999

[menu] Enter action (add, list, search, count, exit): 
> add
Enter the type (person, organization): 
> person
Enter the name: 
> John
Enter the surname: 
> Smith
Enter the birth date: 
> 
Enter the gender (M, F): 
> 
Enter the number: 
> 123 456 789

[menu] Enter action (add, list, search, count, exit): 
> add
Enter the type (person, organization): 
> organization
Enter the organization name: 
> PizzaNuts
Enter the address: 
> Wall St. 6
Enter the number: 
> +0 (123) 456-781-9999

[menu] Enter action (add, list, search, count, exit): 
> search
Enter search query: 
> 789
Found 2 results:
1. Pizza Shop
2. John Smith
[search] Enter action ([number], back, again): 
> 1
Organization name: Pizza Shop
Address: Wall St. 1
Number: +0 (123) 456-789-9999
Time created: 2024-09-11T21:39:14.862393
Time last edit: 2024-09-11T21:39:14.862432

[record] Enter action (edit, delete, menu): > > menu
[search] Enter action ([number], back, again): 
> exit
]]></system-out>
  <system-err><![CDATA[]]></system-err>
</testsuite>
